2020-07-24 13:05:17,557 INFO  [Log] **************************verifyLoginWithValidCredentials*********************** 
2020-07-24 13:05:17,561 INFO  [Log] Successfully launched the Browser 
2020-07-24 13:05:31,723 INFO  [Log] Successfully launched the application 
2020-07-24 13:05:32,739 INFO  [Log] Entered username: Admin 
2020-07-24 13:05:33,387 INFO  [Log] Entered Password: admin123  
2020-07-24 13:05:36,790 INFO  [Log] Click on Login 
2020-07-24 13:10:38,624 INFO  [Log] **************************verifyLoginWithValidCredentials*********************** 
2020-07-24 13:10:38,626 INFO  [Log] Successfully launched the Browser 
2020-07-24 13:10:45,342 INFO  [Log] Successfully launched the application 
2020-07-24 13:10:46,045 INFO  [Log] Entered username: Admin 
2020-07-24 13:10:46,444 INFO  [Log] Entered Password: admin123  
2020-07-24 13:10:49,830 INFO  [Log] Click on Login 
2020-07-24 13:49:40,871 INFO  [Log] **************************verifyLoginWithValidCredentials*********************** 
2020-07-24 13:49:40,874 INFO  [Log] Successfully launched the Browser 
2020-07-24 13:49:47,827 INFO  [Log] Successfully launched the application 
2020-07-24 13:49:48,925 INFO  [Log] Entered username: Admin 
2020-07-24 13:49:49,377 INFO  [Log] Entered Password: admin123  
2020-07-24 13:49:53,003 INFO  [Log] Click on Login 
2020-07-24 13:56:24,449 INFO  [Log] **************************verifyLoginWithValidCredentials*********************** 
2020-07-24 13:56:24,451 INFO  [Log] Successfully launched the Browser 
2020-07-24 13:56:42,560 INFO  [Log] Successfully launched the application 
2020-07-24 13:56:43,428 INFO  [Log] Entered username: Admin 
2020-07-24 13:56:43,928 INFO  [Log] Entered Password: padmin123 
2020-07-24 13:56:47,510 INFO  [Log] Click on Login 
2020-07-25 10:33:10,490 INFO  [Log] **************************verifyLoginWithValidCredentials*********************** 
2020-07-25 10:33:10,519 INFO  [Log] Successfully launched the Browser 
2020-07-25 10:33:20,463 INFO  [Log] Successfully launched the application 
2020-07-25 10:33:21,818 INFO  [Log] Entered username: Admin 
2020-07-25 10:33:22,475 INFO  [Log] Entered Password: admin123 
2020-07-25 10:33:35,049 INFO  [Log] Click on Login 
2020-07-25 10:35:49,620 INFO  [Log] **************************verifyLoginWithValidCredentials*********************** 
2020-07-25 10:35:49,622 INFO  [Log] Successfully launched the Browser 
2020-07-25 10:35:56,588 INFO  [Log] Successfully launched the application 
2020-07-25 10:35:57,382 INFO  [Log] Entered username: Admin 
2020-07-25 10:35:57,908 INFO  [Log] Entered Password: admin123  
2020-07-25 10:36:01,529 INFO  [Log] Click on Login 
2020-07-25 10:42:50,792 INFO  [Log] **************************verifyLoginWithValidCredentials*********************** 
2020-07-25 10:42:50,796 INFO  [Log] Successfully launched the Browser 
2020-07-25 10:43:04,675 INFO  [Log] Successfully launched the application 
2020-07-25 10:50:57,877 INFO  [Log] **************************verifyLoginWithValidCredentials*********************** 
2020-07-25 10:50:57,879 INFO  [Log] Successfully launched the Browser 
2020-07-25 10:51:05,529 INFO  [Log] Successfully launched the application 
2020-07-25 10:51:06,401 INFO  [Log] Entered username: Admin 
2020-07-25 10:51:06,915 INFO  [Log] Entered Password: admin123  
2020-07-25 10:51:09,629 INFO  [Log] Click on Login 
2020-07-25 10:52:27,684 INFO  [Log] **************************verifyLoginWithValidCredentials*********************** 
2020-07-25 10:52:27,733 INFO  [Log] Successfully launched the Browser 
2020-07-25 10:52:48,735 INFO  [Log] Successfully launched the application 
2020-07-25 10:55:41,689 INFO  [Log] Entered username: Admin 
2020-07-25 10:57:23,063 INFO  [Log] Entered Password: admin123  
2020-07-25 10:57:41,535 INFO  [Log] Click on Login 
2020-07-26 10:49:05,486 INFO  [Log] **************************verifyLoginWithValidCredentials*********************** 
2020-07-26 10:49:05,510 INFO  [Log] Successfully launched the Browser 
2020-07-26 10:49:13,636 INFO  [Log] Successfully launched the application 
2020-07-26 10:49:18,796 INFO  [Log] Entered username: Admin 
2020-07-26 10:49:19,634 INFO  [Log] Entered Password: admin123  
2020-07-26 10:49:24,266 INFO  [Log] Click on Login 
2020-07-26 10:53:56,399 INFO  [Log] **************************verifyAddEmployee*********************** 
2020-07-26 10:53:56,403 INFO  [Log] Successfully launched the Browser 
2020-07-26 10:54:51,271 INFO  [Log] Successfully launched the application 
2020-07-26 10:54:53,034 INFO  [Log] Entered username: Admin 
2020-07-26 10:54:53,796 INFO  [Log] Entered Password: admin123 
2020-07-26 10:55:19,143 INFO  [Log] Click on Login 
2020-07-26 11:00:59,397 INFO  [Log] **************************verifyAddEmployee*********************** 
2020-07-26 11:00:59,424 INFO  [Log] Successfully launched the Browser 
2020-07-26 11:01:06,490 INFO  [Log] Successfully launched the application 
2020-07-26 11:01:07,512 INFO  [Log] Entered username: Admin 
2020-07-26 11:01:07,972 INFO  [Log] Entered Password: admin123 
2020-07-26 11:01:23,258 INFO  [Log] Click on Login 
2020-07-26 11:01:24,263 INFO  [Log] Successfully navigate to PIM 
2020-07-26 11:01:24,581 INFO  [Log] Successfully navigate to Add Employee page 
2020-07-26 11:09:48,597 INFO  [Log] **************************verifyAddEmployee*********************** 
2020-07-26 11:09:48,618 INFO  [Log] Successfully launched the Browser 
2020-07-26 11:10:12,540 INFO  [Log] Successfully launched the application 
2020-07-26 11:10:14,177 INFO  [Log] Entered username: Admin 
2020-07-26 11:10:14,827 INFO  [Log] Entered Password: admin123 
2020-07-26 11:12:00,973 INFO  [Log] Click on Login 
2020-07-26 11:12:01,608 INFO  [Log] Successfully navigate to PIM 
2020-07-26 11:12:05,015 INFO  [Log] Successfully navigate to Add Employee page 
2020-07-26 11:15:58,097 INFO  [Log] **************************verifyAddEmployee*********************** 
2020-07-26 11:15:58,100 INFO  [Log] Successfully launched the Browser 
2020-07-26 11:16:06,751 INFO  [Log] Successfully launched the application 
2020-07-26 11:16:07,652 INFO  [Log] Entered username: Admin 
2020-07-26 11:16:08,236 INFO  [Log] Entered Password: admin123 
2020-07-26 11:16:25,560 INFO  [Log] Click on Login 
2020-07-26 11:16:26,048 INFO  [Log] Successfully navigate to PIM 
2020-07-26 11:16:29,482 INFO  [Log] Successfully navigate to Add Employee page 
2020-07-26 11:24:01,361 INFO  [Log] **************************verifyAddEmployee*********************** 
2020-07-26 11:24:01,365 INFO  [Log] Successfully launched the Browser 
2020-07-26 11:24:13,195 INFO  [Log] Successfully launched the application 
2020-07-26 11:24:16,922 INFO  [Log] Entered username: Admin 
2020-07-26 11:24:17,678 INFO  [Log] Entered Password: admin123 
2020-07-26 11:24:28,809 INFO  [Log] Click on Login 
2020-07-26 11:24:33,934 INFO  [Log] Successfully navigate to PIM 
2020-07-26 11:24:44,125 INFO  [Log] Successfully navigate to Add Employee page 
2020-07-26 11:30:39,049 INFO  [Log] **************************verifyAddEmployee*********************** 
2020-07-26 11:30:39,076 INFO  [Log] Successfully launched the Browser 
2020-07-26 11:30:55,608 INFO  [Log] Successfully launched the application 
2020-07-26 11:30:57,483 INFO  [Log] Entered username: Admin 
2020-07-26 11:30:58,459 INFO  [Log] Entered Password: admin123 
2020-07-26 11:31:11,346 INFO  [Log] Click on Login 
2020-07-26 11:31:16,937 INFO  [Log] Successfully navigate to PIM 
2020-07-26 11:31:20,340 INFO  [Log] Successfully navigate to Add Employee page 
2020-07-26 11:33:17,024 INFO  [Log] **************************verifyAddEmployee*********************** 
2020-07-26 11:33:17,026 INFO  [Log] Successfully launched the Browser 
2020-07-26 11:33:24,022 INFO  [Log] Successfully launched the application 
2020-07-26 11:33:25,316 INFO  [Log] Entered username: Admin 
2020-07-26 11:33:25,756 INFO  [Log] Entered Password: admin123 
2020-07-26 11:33:43,952 INFO  [Log] Click on Login 
2020-07-26 11:33:44,478 INFO  [Log] Successfully navigate to PIM 
2020-07-26 11:33:51,567 INFO  [Log] Successfully navigate to Add Employee page 
2020-07-26 11:34:01,274 INFO  [Log] Successfully added emplyoee details 
2020-07-28 01:51:58,445 INFO  [Log] **************************getHomePageTitleTest*********************** 
2020-07-28 01:51:58,485 INFO  [Log] Successfully launched the Browser 
2020-07-28 01:52:04,694 INFO  [Log] Successfully launched the application 
2020-07-28 01:52:25,970 INFO  [Log] **************************verifyLoginWithValidCredentials*********************** 
2020-07-28 01:52:25,970 INFO  [Log] Successfully launched the Browser 
2020-07-28 01:52:38,779 INFO  [Log] Successfully launched the application 
2020-07-28 01:52:40,069 INFO  [Log] Entered username: Admin 
2020-07-28 01:52:40,394 INFO  [Log] Entered Password: admin123 
2020-07-28 01:52:50,722 INFO  [Log] Click on Login 
2020-07-28 01:54:35,262 INFO  [Log] **************************getHomePageTitleTest*********************** 
2020-07-28 01:54:35,264 INFO  [Log] Successfully launched the Browser 
2020-07-28 01:54:40,646 INFO  [Log] Successfully launched the application 
2020-07-28 01:54:50,317 INFO  [Log] **************************verifyLoginWithValidCredentials*********************** 
2020-07-28 01:54:50,318 INFO  [Log] Successfully launched the Browser 
2020-07-28 01:54:55,972 INFO  [Log] Successfully launched the application 
2020-07-28 01:54:56,774 INFO  [Log] Entered username: Admin 
2020-07-28 01:54:57,225 INFO  [Log] Entered Password: admin123 
2020-07-28 01:55:09,902 INFO  [Log] Click on Login 
2020-07-28 02:01:10,394 INFO  [Log] **************************getHomePageTitleTest*********************** 
2020-07-28 02:01:10,396 INFO  [Log] Successfully launched the Browser 
2020-07-28 02:01:24,801 INFO  [Log] Successfully launched the application 
2020-07-28 02:01:38,282 INFO  [Log] **************************verifyLoginWithValidCredentials*********************** 
2020-07-28 02:01:38,282 INFO  [Log] Successfully launched the Browser 
2020-07-28 02:01:44,364 INFO  [Log] Successfully launched the application 
2020-07-28 02:01:45,052 INFO  [Log] Entered username: Admin 
2020-07-28 02:01:45,488 INFO  [Log] Entered Password: admin123 
2020-07-28 02:02:00,674 INFO  [Log] Click on Login 
2020-07-28 02:25:04,479 INFO  [Log] **************************getHomePageTitleTest*********************** 
2020-07-28 02:25:04,939 INFO  [Log] Successfully launched the Browser 
2020-07-28 02:25:20,160 INFO  [Log] Successfully launched the application 
2020-07-28 02:25:45,618 INFO  [Log] **************************logoImageTest*********************** 
2020-07-28 02:25:45,619 INFO  [Log] Successfully launched the Browser 
2020-07-28 02:25:53,225 INFO  [Log] Successfully launched the application 
2020-07-28 02:26:24,250 INFO  [Log] **************************verifyLoginWithValidCredentials*********************** 
2020-07-28 02:26:24,251 INFO  [Log] Successfully launched the Browser 
2020-07-28 02:26:36,514 INFO  [Log] Successfully launched the application 
2020-07-28 02:27:20,435 INFO  [Log] Entered username: Admin 
2020-07-28 02:27:21,280 ERROR [Log] Failed to Login:no such window: target window already closed
from unknown error: web view not found
  (Session info: chrome=84.0.4147.89)
Build info: version: '3.141.59', revision: 'e82be7d358', time: '2018-11-14T08:17:03'
System info: host: 'AMULYABEHERA-PC', ip: '192.168.43.242', os.name: 'Windows 7', os.arch: 'x86', os.version: '6.1', java.version: '1.8.0_251'
Driver info: org.openqa.selenium.chrome.ChromeDriver
Capabilities {acceptInsecureCerts: false, browserName: chrome, browserVersion: 84.0.4147.89, chrome: {chromedriverVersion: 83.0.4103.39 (ccbf011cb2d2b..., userDataDir: C:\Users\asd\AppData\Local\...}, goog:chromeOptions: {debuggerAddress: localhost:63976}, javascriptEnabled: true, networkConnectionEnabled: false, pageLoadStrategy: normal, platform: WINDOWS, platformName: WINDOWS, proxy: Proxy(), setWindowRect: true, strictFileInteractability: false, timeouts: {implicit: 0, pageLoad: 300000, script: 30000}, unhandledPromptBehavior: dismiss and notify, webauthn:virtualAuthenticators: true}
Session ID: 4b6593801cf57afaaac899f12872a5a6
*** Element info: {Using=id, value=txtPassword} 
2020-07-28 12:12:29,150 INFO  [Log] **************************getHomePageTitleTest*********************** 
2020-07-28 12:12:29,170 INFO  [Log] Successfully launched the Browser 
2020-07-28 12:12:41,965 INFO  [Log] Successfully launched the application 
2020-07-28 12:12:52,134 INFO  [Log] **************************logoImageTest*********************** 
2020-07-28 12:12:52,134 INFO  [Log] Successfully launched the Browser 
2020-07-28 12:13:13,012 INFO  [Log] Successfully launched the application 
2020-07-28 12:13:29,652 INFO  [Log] **************************verifyLoginWithValidCredentials*********************** 
2020-07-28 12:13:29,653 INFO  [Log] Successfully launched the Browser 
2020-07-28 12:13:38,885 INFO  [Log] Successfully launched the application 
2020-07-28 12:13:40,504 INFO  [Log] Entered username: Admin 
2020-07-28 12:13:41,383 INFO  [Log] Entered Password: admin123 
2020-07-28 12:14:03,281 INFO  [Log] Click on Login 
2020-07-28 12:18:54,067 INFO  [Log] **************************verifyLoginWithValidCredentials*********************** 
2020-07-28 12:18:54,069 INFO  [Log] Successfully launched the Browser 
2020-07-28 12:19:08,241 INFO  [Log] Successfully launched the application 
2020-07-28 12:19:09,072 INFO  [Log] Entered username: Admin 
2020-07-28 12:19:09,528 INFO  [Log] Entered Password: admin123 
2020-07-28 12:19:30,591 INFO  [Log] Click on Login 
2020-07-28 12:19:42,470 INFO  [Log] **************************getHomePageTitleTest*********************** 
2020-07-28 12:19:42,471 INFO  [Log] Successfully launched the Browser 
2020-07-28 12:20:04,933 INFO  [Log] Successfully launched the application 
2020-07-28 12:20:05,005 INFO  [Log] Home page title is :OrangeHRM 
2020-07-28 12:20:13,894 INFO  [Log] **************************logoImageTest*********************** 
2020-07-28 12:20:13,894 INFO  [Log] Successfully launched the Browser 
2020-07-28 12:21:23,448 INFO  [Log] Successfully launched the application 
2020-07-28 12:21:25,163 INFO  [Log] Logo is getting displayed 
2020-07-28 12:32:09,325 INFO  [Log] **************************verifyAddEmployee*********************** 
2020-07-28 12:32:09,328 INFO  [Log] Successfully launched the Browser 
2020-07-28 12:32:15,999 INFO  [Log] Successfully launched the application 
2020-07-28 12:32:16,819 INFO  [Log] Entered username: Admin 
2020-07-28 12:32:17,269 INFO  [Log] Entered Password: admin123 
2020-07-28 12:32:29,841 INFO  [Log] Click on Login 
2020-07-28 12:32:30,504 INFO  [Log] Successfully navigate to PIM 
2020-07-28 12:32:37,516 INFO  [Log] Successfully navigate to Add Employee page 
2020-07-28 12:32:47,943 INFO  [Log] Successfully added emplyoee details 
2020-07-28 12:37:27,608 INFO  [Log] **************************verifyAddEmployee*********************** 
2020-07-28 12:37:27,611 INFO  [Log] Successfully launched the Browser 
2020-07-28 12:37:44,204 INFO  [Log] Successfully launched the application 
2020-07-28 12:37:44,957 INFO  [Log] Entered username: Admin 
2020-07-28 12:37:45,494 INFO  [Log] Entered Password: admin123 
2020-07-28 12:37:56,279 INFO  [Log] Click on Login 
2020-07-28 12:37:57,141 INFO  [Log] Successfully navigate to PIM 
2020-07-28 12:38:03,866 INFO  [Log] Successfully navigate to Add Employee page 
2020-07-28 12:38:13,634 INFO  [Log] Successfully added emplyoee details 
2020-07-29 14:57:22,304 INFO  [Log] **************************verifyLoginWithValidCredentials*********************** 
2020-07-29 14:57:22,307 INFO  [Log] Successfully launched the Browser 
2020-07-29 14:57:35,660 INFO  [Log] Successfully launched the application 
2020-07-29 14:57:37,178 INFO  [Log] Entered username: Admin 
2020-07-29 14:57:37,812 INFO  [Log] Entered Password: admin123 
2020-07-29 14:58:06,775 INFO  [Log] Click on Login 
2020-07-29 14:58:20,722 INFO  [Log] **************************getHomePageTitleTest*********************** 
2020-07-29 14:58:20,722 INFO  [Log] Successfully launched the Browser 
2020-07-29 14:58:32,749 INFO  [Log] Successfully launched the application 
2020-07-29 14:58:33,566 INFO  [Log] Entered username: Admin 
2020-07-29 14:58:34,614 INFO  [Log] Entered Password: admin123 
2020-07-29 14:58:47,945 INFO  [Log] Click on Login 
2020-07-29 14:58:47,999 INFO  [Log] Home page title is :OrangeHRM 
2020-07-29 14:58:55,418 INFO  [Log] **************************logoImageTest*********************** 
2020-07-29 14:58:55,418 INFO  [Log] Successfully launched the Browser 
2020-07-29 14:59:01,525 INFO  [Log] Successfully launched the application 
2020-07-29 14:59:02,247 INFO  [Log] Entered username: Admin 
2020-07-29 14:59:02,696 INFO  [Log] Entered Password: admin123 
2020-07-29 14:59:21,196 INFO  [Log] Click on Login 
2020-07-29 14:59:22,827 INFO  [Log] Logo is getting displayed 
2020-08-03 12:00:43,491 INFO  [Log] **************************verifyAddEmployee*********************** 
2020-08-03 12:00:43,544 INFO  [Log] Successfully launched the Browser 
2020-08-03 12:00:54,701 INFO  [Log] Successfully launched the application 
2020-08-03 12:00:56,556 INFO  [Log] Entered username: Admin 
2020-08-03 12:00:57,312 INFO  [Log] Entered Password: admin123 
2020-08-03 12:01:12,042 INFO  [Log] Click on Login 
2020-08-03 12:01:19,203 INFO  [Log] Successfully navigate to PIM 
2020-08-03 12:02:47,125 INFO  [Log] **************************verifyAddEmployee*********************** 
2020-08-03 12:02:47,127 INFO  [Log] Successfully launched the Browser 
2020-08-03 12:02:53,652 INFO  [Log] Successfully launched the application 
2020-08-03 12:02:54,351 INFO  [Log] Entered username: Admin 
2020-08-03 12:02:54,751 INFO  [Log] Entered Password: admin123 
2020-08-03 12:03:08,737 INFO  [Log] Click on Login 
2020-08-03 12:03:09,207 INFO  [Log] Successfully navigate to PIM 
2020-08-03 12:03:15,980 INFO  [Log] Successfully navigate to Add Employee page 
2020-08-03 12:03:29,800 INFO  [Log] Successfully added emplyoee details 
2020-08-03 12:09:17,258 INFO  [Log] **************************verifyAddEmployee*********************** 
2020-08-03 12:09:17,260 INFO  [Log] Successfully launched the Browser 
2020-08-03 12:09:24,382 INFO  [Log] Successfully launched the application 
2020-08-03 12:09:25,442 INFO  [Log] Entered username: Admin 
2020-08-03 12:09:25,964 INFO  [Log] Entered Password: admin123 
2020-08-03 12:09:40,622 INFO  [Log] Click on Login 
2020-08-03 12:09:41,082 INFO  [Log] Successfully navigate to PIM 
2020-08-03 12:09:50,183 INFO  [Log] Successfully navigate to Add Employee page 
2020-08-03 12:10:00,563 INFO  [Log] Successfully added emplyoee details 
2020-08-03 12:10:09,439 INFO  [Log] Successfully navigate to emplyoee list 
2020-08-03 12:10:13,403 INFO  [Log] Emp Id: null 
2020-08-03 12:17:24,915 INFO  [Log] **************************verifyAddEmployee*********************** 
2020-08-03 12:17:24,917 INFO  [Log] Successfully launched the Browser 
2020-08-03 12:17:32,040 INFO  [Log] Successfully launched the application 
2020-08-03 12:17:32,933 INFO  [Log] Entered username: Admin 
2020-08-03 12:17:33,391 INFO  [Log] Entered Password: admin123 
2020-08-03 12:17:49,437 INFO  [Log] Click on Login 
2020-08-03 12:17:49,925 INFO  [Log] Successfully navigate to PIM 
2020-08-03 12:19:04,296 INFO  [Log] **************************verifyAddEmployee*********************** 
2020-08-03 12:19:04,299 INFO  [Log] Successfully launched the Browser 
2020-08-03 12:19:11,634 INFO  [Log] Successfully launched the application 
2020-08-03 12:19:12,737 INFO  [Log] Entered username: Admin 
2020-08-03 12:19:13,253 INFO  [Log] Entered Password: admin123 
2020-08-03 12:19:27,922 INFO  [Log] Click on Login 
2020-08-03 12:19:28,340 INFO  [Log] Successfully navigate to PIM 
2020-08-03 12:19:35,339 INFO  [Log] Successfully navigate to Add Employee page 
2020-08-03 12:19:45,830 INFO  [Log] Successfully added emplyoee details 
2020-08-03 12:19:53,470 INFO  [Log] Successfully navigate to emplyoee list 
2020-08-03 12:19:58,659 INFO  [Log] Emp Id: 0078 
2020-08-03 12:19:58,695 INFO  [Log] Emplyoee added successfully and verified successfully 
2020-08-06 11:47:33,617 INFO  [Log] **************************deleteEmployee*********************** 
2020-08-06 11:47:33,785 INFO  [Log] Successfully launched the Browser 
2020-08-06 11:47:46,591 INFO  [Log] Successfully launched the application 
2020-08-06 11:47:49,174 INFO  [Log] Entered username: Admin 
2020-08-06 11:47:50,213 INFO  [Log] Entered Password: admin123 
2020-08-06 11:47:59,384 INFO  [Log] Click on Login 
2020-08-06 11:48:03,438 INFO  [Log] Successfully navigate to PIM 
2020-08-06 11:48:07,250 INFO  [Log] Successfully navigate to Add Employee page 
2020-08-06 11:48:18,283 INFO  [Log] Successfully added emplyoee details 
2020-08-06 11:48:22,022 INFO  [Log] Emplyoee id is0082 
2020-08-06 16:36:32,083 INFO  [Log] **************************deleteEmployee*********************** 
2020-08-06 16:36:32,098 INFO  [Log] Successfully launched the Browser 
2020-08-06 16:36:40,955 INFO  [Log] Successfully launched the application 
2020-08-06 16:36:42,743 INFO  [Log] Entered username: Admin 
2020-08-06 16:36:43,585 INFO  [Log] Entered Password: admin123 
2020-08-06 16:37:00,116 INFO  [Log] Click on Login 
2020-08-06 16:37:00,674 INFO  [Log] Successfully navigate to PIM 
2020-08-06 16:37:04,117 INFO  [Log] Successfully navigate to Add Employee page 
2020-08-06 16:37:10,718 INFO  [Log] Successfully added emplyoee details 
2020-08-06 16:37:13,628 INFO  [Log] Emplyoee id is0073 
